[0.137s] DEBUG:colcon:Command line arguments: ['/usr/bin/colcon', 'list', '-p', '--base-paths', '/home/davinci/bot_ws/src/Caterpillar-Rover-iitm', '--log-base', '/dev/null']
[0.137s] DEBUG:colcon:Parsed command line arguments: Namespace(log_base=None, log_level=None, verb_name='list', build_base='build', ignore_user_meta=False, metas=['./colcon.meta'], base_paths=['/home/davinci/bot_ws/src/Caterpillar-Rover-iitm', '--log-base', '/dev/null'], packages_ignore=None, packages_ignore_regex=None, paths=None, packages_up_to=None, packages_up_to_regex=None, packages_above=None, packages_above_and_dependencies=None, packages_above_depth=None, packages_select_by_dep=None, packages_skip_by_dep=None, packages_skip_up_to=None, packages_select_build_failed=False, packages_skip_build_finished=False, packages_select_test_failures=False, packages_skip_test_passed=False, packages_select=None, packages_skip=None, packages_select_regex=None, packages_skip_regex=None, packages_start=None, packages_end=None, allow_overriding=[], topological_order=False, names_only=False, paths_only=True, topological_graph=False, topological_graph_dot=False, topological_graph_density=False, topological_graph_legend=False, topological_graph_dot_cluster=False, topological_graph_dot_include_skipped=False, mixin_files=None, mixin=None, verb_parser=<colcon_mixin.mixin.mixin_argument.MixinArgumentDecorator object at 0x70b841c53340>, verb_extension=<colcon_package_information.verb.list.ListVerb object at 0x70b841c52530>, main=<bound method ListVerb.main of <colcon_package_information.verb.list.ListVerb object at 0x70b841c52530>>, mixin_verb=('list',))
[0.341s] Level 1:colcon.colcon_core.package_discovery:discover_packages(colcon_meta) check parameters
[0.341s] Level 1:colcon.colcon_core.package_discovery:discover_packages(recursive) check parameters
[0.341s] Level 1:colcon.colcon_core.package_discovery:discover_packages(ignore) check parameters
[0.342s] Level 1:colcon.colcon_core.package_discovery:discover_packages(path) check parameters
[0.342s] Level 1:colcon.colcon_core.package_discovery:discover_packages(recursive) discover
[0.342s] INFO:colcon.colcon_core.package_discovery:Crawling recursively for packages in '/home/davinci/bot_ws/src/Caterpillar-Rover-iitm', '/home/davinci/bot_ws/src/Caterpillar-Rover-iitm/--log-base', '/dev/null'
[0.342s] Level 1:colcon.colcon_core.package_identification:_identify(/home/davinci/bot_ws/src/Caterpillar-Rover-iitm) by extensions ['ignore', 'ignore_ament_install']
[0.342s] Level 1:colcon.colcon_core.package_identification:_identify(/home/davinci/bot_ws/src/Caterpillar-Rover-iitm) by extension 'ignore'
[0.342s] Level 1:colcon.colcon_core.package_identification:_identify(/home/davinci/bot_ws/src/Caterpillar-Rover-iitm) by extension 'ignore_ament_install'
[0.342s] Level 1:colcon.colcon_core.package_identification:_identify(/home/davinci/bot_ws/src/Caterpillar-Rover-iitm) by extensions ['colcon_pkg']
[0.342s] Level 1:colcon.colcon_core.package_identification:_identify(/home/davinci/bot_ws/src/Caterpillar-Rover-iitm) by extension 'colcon_pkg'
[0.343s] Level 1:colcon.colcon_core.package_identification:_identify(/home/davinci/bot_ws/src/Caterpillar-Rover-iitm) by extensions ['colcon_meta']
[0.343s] Level 1:colcon.colcon_core.package_identification:_identify(/home/davinci/bot_ws/src/Caterpillar-Rover-iitm) by extension 'colcon_meta'
[0.343s] Level 1:colcon.colcon_core.package_identification:_identify(/home/davinci/bot_ws/src/Caterpillar-Rover-iitm) by extensions ['ros']
[0.343s] Level 1:colcon.colcon_core.package_identification:_identify(/home/davinci/bot_ws/src/Caterpillar-Rover-iitm) by extension 'ros'
[0.355s] Level 1:colcon.colcon_core.package_identification:_identify(/home/davinci/bot_ws/src/Caterpillar-Rover-iitm) by extensions ['cmake', 'python']
[0.355s] Level 1:colcon.colcon_core.package_identification:_identify(/home/davinci/bot_ws/src/Caterpillar-Rover-iitm) by extension 'cmake'
[0.355s] Level 1:colcon.colcon_core.package_identification:_identify(/home/davinci/bot_ws/src/Caterpillar-Rover-iitm) by extension 'python'
[0.355s] Level 1:colcon.colcon_core.package_identification:_identify(/home/davinci/bot_ws/src/Caterpillar-Rover-iitm) by extensions ['python_setup_py']
[0.356s] Level 1:colcon.colcon_core.package_identification:_identify(/home/davinci/bot_ws/src/Caterpillar-Rover-iitm) by extension 'python_setup_py'
[0.356s] Level 1:colcon.colcon_core.package_identification:_identify(/home/davinci/bot_ws/src/Caterpillar-Rover-iitm/blitz) by extensions ['ignore', 'ignore_ament_install']
[0.356s] Level 1:colcon.colcon_core.package_identification:_identify(/home/davinci/bot_ws/src/Caterpillar-Rover-iitm/blitz) by extension 'ignore'
[0.356s] Level 1:colcon.colcon_core.package_identification:_identify(/home/davinci/bot_ws/src/Caterpillar-Rover-iitm/blitz) by extension 'ignore_ament_install'
[0.356s] Level 1:colcon.colcon_core.package_identification:_identify(/home/davinci/bot_ws/src/Caterpillar-Rover-iitm/blitz) by extensions ['colcon_pkg']
[0.356s] Level 1:colcon.colcon_core.package_identification:_identify(/home/davinci/bot_ws/src/Caterpillar-Rover-iitm/blitz) by extension 'colcon_pkg'
[0.356s] Level 1:colcon.colcon_core.package_identification:_identify(/home/davinci/bot_ws/src/Caterpillar-Rover-iitm/blitz) by extensions ['colcon_meta']
[0.356s] Level 1:colcon.colcon_core.package_identification:_identify(/home/davinci/bot_ws/src/Caterpillar-Rover-iitm/blitz) by extension 'colcon_meta'
[0.356s] Level 1:colcon.colcon_core.package_identification:_identify(/home/davinci/bot_ws/src/Caterpillar-Rover-iitm/blitz) by extensions ['ros']
[0.356s] Level 1:colcon.colcon_core.package_identification:_identify(/home/davinci/bot_ws/src/Caterpillar-Rover-iitm/blitz) by extension 'ros'
[0.358s] DEBUG:colcon.colcon_core.package_identification:Package '/home/davinci/bot_ws/src/Caterpillar-Rover-iitm/blitz' with type 'ros.ament_cmake' and name 'blitz'
[0.359s] Level 1:colcon.colcon_core.package_identification:_identify(/home/davinci/bot_ws/src/Caterpillar-Rover-iitm/log) by extensions ['ignore', 'ignore_ament_install']
[0.359s] Level 1:colcon.colcon_core.package_identification:_identify(/home/davinci/bot_ws/src/Caterpillar-Rover-iitm/log) by extension 'ignore'
[0.359s] Level 1:colcon.colcon_core.package_identification:_identify(/home/davinci/bot_ws/src/Caterpillar-Rover-iitm/log) ignored
[0.359s] Level 1:colcon.colcon_core.package_identification:_identify(/home/davinci/bot_ws/src/Caterpillar-Rover-iitm/mcu_pio) by extensions ['ignore', 'ignore_ament_install']
[0.359s] Level 1:colcon.colcon_core.package_identification:_identify(/home/davinci/bot_ws/src/Caterpillar-Rover-iitm/mcu_pio) by extension 'ignore'
[0.359s] Level 1:colcon.colcon_core.package_identification:_identify(/home/davinci/bot_ws/src/Caterpillar-Rover-iitm/mcu_pio) ignored
[0.359s] Level 1:colcon.colcon_core.package_identification:_identify(/home/davinci/bot_ws/src/Caterpillar-Rover-iitm/robot_interfaces) by extensions ['ignore', 'ignore_ament_install']
[0.359s] Level 1:colcon.colcon_core.package_identification:_identify(/home/davinci/bot_ws/src/Caterpillar-Rover-iitm/robot_interfaces) by extension 'ignore'
[0.359s] Level 1:colcon.colcon_core.package_identification:_identify(/home/davinci/bot_ws/src/Caterpillar-Rover-iitm/robot_interfaces) by extension 'ignore_ament_install'
[0.360s] Level 1:colcon.colcon_core.package_identification:_identify(/home/davinci/bot_ws/src/Caterpillar-Rover-iitm/robot_interfaces) by extensions ['colcon_pkg']
[0.360s] Level 1:colcon.colcon_core.package_identification:_identify(/home/davinci/bot_ws/src/Caterpillar-Rover-iitm/robot_interfaces) by extension 'colcon_pkg'
[0.360s] Level 1:colcon.colcon_core.package_identification:_identify(/home/davinci/bot_ws/src/Caterpillar-Rover-iitm/robot_interfaces) by extensions ['colcon_meta']
[0.360s] Level 1:colcon.colcon_core.package_identification:_identify(/home/davinci/bot_ws/src/Caterpillar-Rover-iitm/robot_interfaces) by extension 'colcon_meta'
[0.360s] Level 1:colcon.colcon_core.package_identification:_identify(/home/davinci/bot_ws/src/Caterpillar-Rover-iitm/robot_interfaces) by extensions ['ros']
[0.360s] Level 1:colcon.colcon_core.package_identification:_identify(/home/davinci/bot_ws/src/Caterpillar-Rover-iitm/robot_interfaces) by extension 'ros'
[0.360s] DEBUG:colcon.colcon_core.package_identification:Package '/home/davinci/bot_ws/src/Caterpillar-Rover-iitm/robot_interfaces' with type 'ros.ament_cmake' and name 'robot_interfaces'
[0.361s] Level 1:colcon.colcon_core.package_identification:_identify(/home/davinci/bot_ws/src/Caterpillar-Rover-iitm/rover) by extensions ['ignore', 'ignore_ament_install']
[0.361s] Level 1:colcon.colcon_core.package_identification:_identify(/home/davinci/bot_ws/src/Caterpillar-Rover-iitm/rover) by extension 'ignore'
[0.361s] Level 1:colcon.colcon_core.package_identification:_identify(/home/davinci/bot_ws/src/Caterpillar-Rover-iitm/rover) by extension 'ignore_ament_install'
[0.361s] Level 1:colcon.colcon_core.package_identification:_identify(/home/davinci/bot_ws/src/Caterpillar-Rover-iitm/rover) by extensions ['colcon_pkg']
[0.361s] Level 1:colcon.colcon_core.package_identification:_identify(/home/davinci/bot_ws/src/Caterpillar-Rover-iitm/rover) by extension 'colcon_pkg'
[0.361s] Level 1:colcon.colcon_core.package_identification:_identify(/home/davinci/bot_ws/src/Caterpillar-Rover-iitm/rover) by extensions ['colcon_meta']
[0.361s] Level 1:colcon.colcon_core.package_identification:_identify(/home/davinci/bot_ws/src/Caterpillar-Rover-iitm/rover) by extension 'colcon_meta'
[0.361s] Level 1:colcon.colcon_core.package_identification:_identify(/home/davinci/bot_ws/src/Caterpillar-Rover-iitm/rover) by extensions ['ros']
[0.361s] Level 1:colcon.colcon_core.package_identification:_identify(/home/davinci/bot_ws/src/Caterpillar-Rover-iitm/rover) by extension 'ros'
[0.362s] DEBUG:colcon.colcon_core.package_identification:Package '/home/davinci/bot_ws/src/Caterpillar-Rover-iitm/rover' with type 'ros.ament_python' and name 'rover'
[0.362s] Level 1:colcon.colcon_core.package_discovery:discover_packages(recursive) using defaults
